2026-07-15 13:42:01,531 INFO     bot.orders: Placing order: {'symbol': 'BTCUSDT', 'side': 'BUY', 'type': 'MARKET', 'quantity': '0.002'}
2026-07-15 13:42:01,531 INFO     bot.client: REQUEST POST /fapi/v1/order {'symbol': 'BTCUSDT', 'side': 'BUY', 'type': 'MARKET', 'quantity': '0.002', 'recvWindow': 5000, 'timestamp': 1784103121531}
2026-07-15 13:42:02,153 INFO     bot.client: RESPONSE POST /fapi/v1/order -> 401 {"code":-2014,"msg":"API-key format invalid."}
2026-07-15 13:42:02,154 ERROR    bot.client: API ERROR POST /fapi/v1/order: HTTP 401 / code -2014: API-key format invalid.
2026-07-15 14:58:10,330 ERROR    cli: Invalid input: side must be one of BUY/SELL, got 'HOLD'
2026-07-15 14:58:10,410 ERROR    cli: Invalid input: price is required for this order type
2026-07-15 14:58:10,490 ERROR    cli: Invalid input: quantity must be positive, got -5
2026-07-15 14:58:10,569 ERROR    cli: Invalid input: price/stop-price are not valid for MARKET orders
2026-07-15 14:58:45,471 ERROR    cli: Invalid input: side must be one of BUY/SELL, got 'HOLD'
2026-07-15 14:58:45,550 INFO     bot.orders: Placing order: {'symbol': 'BTCUSDT', 'side': 'BUY', 'type': 'MARKET', 'quantity': '0.002'}
2026-07-15 14:58:45,550 INFO     bot.client: REQUEST POST /fapi/v1/order {'symbol': 'BTCUSDT', 'side': 'BUY', 'type': 'MARKET', 'quantity': '0.002', 'recvWindow': 5000, 'timestamp': 1784107725550}
2026-07-15 14:58:46,269 INFO     bot.client: RESPONSE POST /fapi/v1/order -> 401 {"code":-2014,"msg":"API-key format invalid."}
2026-07-15 14:58:46,270 ERROR    bot.client: API ERROR POST /fapi/v1/order: HTTP 401 / code -2014: API-key format invalid.
2026-07-15 17:28:15,787 INFO     bot.orders: Placing order: {'symbol': 'BTCUSDT', 'side': 'BUY', 'type': 'MARKET', 'quantity': '0.002'}
2026-07-15 17:28:15,787 INFO     bot.client: REQUEST POST /fapi/v1/order {'symbol': 'BTCUSDT', 'side': 'BUY', 'type': 'MARKET', 'quantity': '0.002', 'recvWindow': 5000, 'timestamp': 1784116695787}
2026-07-15 17:28:16,442 INFO     bot.client: RESPONSE POST /fapi/v1/order -> 401 {"code":-2015,"msg":"Invalid API-key, IP, or permissions for action"}
2026-07-15 17:28:16,442 ERROR    bot.client: API ERROR POST /fapi/v1/order: HTTP 401 / code -2015: Invalid API-key, IP, or permissions for action
2026-07-15 17:28:16,566 INFO     bot.orders: Placing order: {'symbol': 'BTCUSDT', 'side': 'SELL', 'type': 'LIMIT', 'quantity': '0.002', 'price': '120000', 'timeInForce': 'GTC'}
2026-07-15 17:28:16,567 INFO     bot.client: REQUEST POST /fapi/v1/order {'symbol': 'BTCUSDT', 'side': 'SELL', 'type': 'LIMIT', 'quantity': '0.002', 'price': '120000', 'timeInForce': 'GTC', 'recvWindow': 5000, 'timestamp': 1784116696567}
2026-07-15 17:28:17,025 INFO     bot.client: RESPONSE POST /fapi/v1/order -> 401 {"code":-2015,"msg":"Invalid API-key, IP, or permissions for action"}
2026-07-15 17:28:17,026 ERROR    bot.client: API ERROR POST /fapi/v1/order: HTTP 401 / code -2015: Invalid API-key, IP, or permissions for action
